#
# There is insufficient memory for the Java Runtime Environment to continue.
# Native memory allocation (mmap) failed to map 266338304 bytes for G1 virtual space
# Possible reasons:
#   The system is out of physical RAM or swap space
#   The process is running with CompressedOops enabled, and the Java Heap may be blocking the growth of the native heap
# Possible solutions:
#   Reduce memory load on the system
#   Increase physical memory or swap space
#   Check if swap backing store is full
#   Decrease Java heap size (-Xmx/-Xms)
#   Decrease number of Java threads
#   Decrease Java thread stack sizes (-Xss)
#   Set larger code cache with -XX:ReservedCodeCacheSize=
#   JVM is running with Zero Based Compressed Oops mode in which the Java heap is
#     placed in the first 32GB address space. The Java Heap base address is the
#     maximum limit for the native heap growth. Please use -XX:HeapBaseMinAddress
#     to set the Java Heap base and to place the Java Heap above 32GB virtual address.
# This output file may be truncated or incomplete.
#
#  Out of Memory Error (os_windows.cpp:3469), pid=11540, tid=8676
#
# JRE version:  (17.0+35) (build )
# Java VM: OpenJDK 64-Bit Server VM (17+35-2724, mixed mode, sharing, tiered, compressed oops, compressed class ptrs, g1 gc, windows-amd64)
# No core dump will be written. Minidumps are not enabled by default on client versions of Windows
#

---------------  S U M M A R Y ------------

Command Line: -javaagent:C:\Program Files\JetBrains\IntelliJ IDEA 2021.2.3\lib\idea_rt.jar=12426:C:\Program Files\JetBrains\IntelliJ IDEA 2021.2.3\bin -Dfile.encoding=UTF-8 --module-path=C:\Users\Linok\Desktop\demo\target\classes;C:\Users\Linok\.m2\repository\org\openjfx\javafx-base\17.0.0.1\javafx-base-17.0.0.1-win.jar;C:\Users\Linok\.m2\repository\org\openjfx\javafx-fxml\17.0.0.1\javafx-fxml-17.0.0.1-win.jar;C:\Users\Linok\.m2\repository\com\dlsc\formsfx\formsfx-core\11.3.2\formsfx-core-11.3.2.jar;C:\Users\Linok\.m2\repository\org\openjfx\javafx-web\17.0.0.1\javafx-web-17.0.0.1-win.jar;C:\Users\Linok\.m2\repository\org\openjfx\javafx-controls\17.0.0.1\javafx-controls-17.0.0.1-win.jar;C:\Users\Linok\.m2\repository\eu\hansolo\tilesfx\11.48\tilesfx-11.48.jar;C:\Users\Linok\.m2\repository\org\openjfx\javafx-media\17.0.0.1\javafx-media-17.0.0.1-win.jar;C:\Users\Linok\.m2\repository\org\controlsfx\controlsfx\11.1.0\controlsfx-11.1.0.jar;C:\Users\Linok\.m2\repository\org\kordamp\ikonli\ikonli-javafx\12.2.0\ikonli-javafx-12.2.0.jar;C:\Users\Linok\.m2\repository\net\synedra\validatorfx\0.1.13\validatorfx-0.1.13.jar;C:\Users\Linok\.m2\repository\org\kordamp\ikonli\ikonli-core\12.2.0\ikonli-core-12.2.0.jar;C:\Users\Linok\.m2\repository\org\kordamp\bootstrapfx\bootstrapfx-core\0.4.0\bootstrapfx-core-0.4.0.jar;C:\Users\Linok\.m2\repository\org\openjfx\javafx-graphics\17.0.0.1\javafx-graphics-17.0.0.1-win.jar -Djdk.module.main=com.flinkou.demo com.flinkou.demo/com.flinkou.demo.network.server.StartServer

Host: Intel(R) Core(TM) i5-8265U CPU @ 1.60GHz, 8 cores, 15G,  Windows 10 , 64 bit Build 17763 (10.0.17763.2928)
Time: Thu May 26 19:41:16 2022 RTZ 2 (зима) elapsed time: 0.027095 seconds (0d 0h 0m 0s)

---------------  T H R E A D  ---------------

Current thread (0x0000023266987610):  JavaThread "Unknown thread" [_thread_in_vm, id=8676, stack(0x0000006effa00000,0x0000006effb00000)]

Stack: [0x0000006effa00000,0x0000006effb00000]
Native frames: (J=compiled Java code, j=interpreted, Vv=VM code, C=native code)
V  [jvm.dll+0x66f8ea]
V  [jvm.dll+0x7ce224]
V  [jvm.dll+0x7cf9ce]
V  [jvm.dll+0x7d0033]
V  [jvm.dll+0x242bb5]
V  [jvm.dll+0x66c909]
V  [jvm.dll+0x6613d2]
V  [jvm.dll+0x30082b]
V  [jvm.dll+0x307db6]
V  [jvm.dll+0x357a0e]
V  [jvm.dll+0x357c3f]
V  [jvm.dll+0x2d7ae8]
V  [jvm.dll+0x2d8a54]
V  [jvm.dll+0x7a00a1]
V  [jvm.dll+0x365781]
V  [jvm.dll+0x77f59c]
V  [jvm.dll+0x3e805f]
V  [jvm.dll+0x3e9b01]
C  [jli.dll+0x527b]
C  [ucrtbase.dll+0x2268a]
C  [KERNEL32.DLL+0x17974]
C  [ntdll.dll+0x5a2f1]


---------------  P R O C E S S  ---------------

Threads class SMR info:
_java_thread_list=0x00007ffea4717818, length=0, elements={
}

Java Threads: ( => current thread )

Other Threads:
  0x00000232669d4810 GCTaskThread "GC Thread#0" [stack: 0x0000006effb00000,0x0000006effc00000] [id=10388]
  0x00000232669e63f0 ConcurrentGCThread "G1 Main Marker" [stack: 0x0000006effc00000,0x0000006effd00000] [id=3880]
  0x00000232669e88e0 ConcurrentGCThread "G1 Conc#0" [stack: 0x0000006effd00000,0x0000006effe00000] [id=18256]

[error occurred during error reporting (printing all threads), id 0xc0000005, EXCEPTION_ACCESS_VIOLATION (0xc0000005) at pc=0x00007ffea3f684c7]

VM state: not at safepoint (not fully initialized)

VM Mutex/Monitor currently owned by a thread:  ([mutex/lock_event])
[0x0000023266982e10] Heap_lock - owner thread: 0x0000023266987610

Heap address: 0x0000000702800000, size: 4056 MB, Compressed Oops mode: Zero based, Oop shift amount: 3

CDS archive(s) mapped at: [0x0000000000000000-0x0000000000000000-0x0000000000000000), size 0, SharedBaseAddress: 0x0000000800000000, ArchiveRelocationMode: 0.
Narrow klass base: 0x0000000000000000, Narrow klass shift: 0, Narrow klass range: 0x0

GC Precious Log:
<Empty>

Heap:
 garbage-first heap   total 0K, used 0K [0x0000000702800000, 0x0000000800000000)
  region size 2048K, 0 young (0K), 0 survivors (0K)

[error occurred during error reporting (printing heap information), id 0xc0000005, EXCEPTION_ACCESS_VIOLATION (0xc0000005) at pc=0x00007ffea4348c59]

GC Heap History (0 events):
No events

Deoptimization events (0 events):
No events

Classes unloaded (0 events):
No events

Classes redefined (0 events):
No events

Internal exceptions (0 events):
No events

VM Operations (0 events):
No events

Events (1 events):
Event: 0.015 Loaded shared library C:\Users\Linok\.jdks\openjdk-17\bin\java.dll


Dynamic libraries:
0x00007ff637390000 - 0x00007ff63739e000 	C:\Users\Linok\.jdks\openjdk-17\bin\java.exe
0x00007fff14ef0000 - 0x00007fff150dd000 	C:\Windows\SYSTEM32\ntdll.dll
0x00007fff149c0000 - 0x00007fff14a73000 	C:\Windows\System32\KERNEL32.DLL
0x00007fff11310000 - 0x00007fff115a4000 	C:\Windows\System32\KERNELBASE.dll
0x00007fff115b0000 - 0x00007fff116aa000 	C:\Windows\System32\ucrtbase.dll
0x00007fff06800000 - 0x00007fff0681a000 	C:\Users\Linok\.jdks\openjdk-17\bin\VCRUNTIME140.dll
0x00007fff06840000 - 0x00007fff06858000 	C:\Users\Linok\.jdks\openjdk-17\bin\jli.dll
0x00007fff139c0000 - 0x00007fff13b57000 	C:\Windows\System32\USER32.dll
0x00007ffefbff0000 - 0x00007ffefc269000 	C:\Windows\WinSxS\amd64_microsoft.windows.common-controls_6595b64144ccf1df_6.0.17763.2928_none_de6f2d70534d3d29\COMCTL32.dll
0x00007fff11f60000 - 0x00007fff11f80000 	C:\Windows\System32\win32u.dll
0x00007fff13d30000 - 0x00007fff13dce000 	C:\Windows\System32\msvcrt.dll
0x00007fff13c80000 - 0x00007fff13ca9000 	C:\Windows\System32\GDI32.dll
0x00007fff13dd0000 - 0x00007fff140fd000 	C:\Windows\System32\combase.dll
0x00007fff11f80000 - 0x00007fff1211c000 	C:\Windows\System32\gdi32full.dll
0x00007fff13b60000 - 0x00007fff13c7d000 	C:\Windows\System32\RPCRT4.dll
0x00007fff10f80000 - 0x00007fff11020000 	C:\Windows\System32\msvcp_win.dll
0x00007fff11780000 - 0x00007fff11802000 	C:\Windows\System32\bcryptPrimitives.dll
0x00007fff14e30000 - 0x00007fff14e5e000 	C:\Windows\System32\IMM32.DLL
0x00007fff0ee10000 - 0x00007fff0ee1c000 	C:\Users\Linok\.jdks\openjdk-17\bin\vcruntime140_1.dll
0x00007ffecf0d0000 - 0x00007ffecf15d000 	C:\Users\Linok\.jdks\openjdk-17\bin\msvcp140.dll
0x00007ffea3c80000 - 0x00007ffea483e000 	C:\Users\Linok\.jdks\openjdk-17\bin\server\jvm.dll
0x00007fff14bc0000 - 0x00007fff14c67000 	C:\Windows\System32\ADVAPI32.dll
0x00007fff12120000 - 0x00007fff121bf000 	C:\Windows\System32\sechost.dll
0x00007fff14100000 - 0x00007fff14108000 	C:\Windows\System32\PSAPI.DLL
0x00007ffef6fc0000 - 0x00007ffef6fc9000 	C:\Windows\SYSTEM32\WSOCK32.dll
0x00007fff0ec10000 - 0x00007fff0ec34000 	C:\Windows\SYSTEM32\WINMM.dll
0x00007fff08de0000 - 0x00007fff08dea000 	C:\Windows\SYSTEM32\VERSION.dll
0x00007fff14b50000 - 0x00007fff14bbd000 	C:\Windows\System32\WS2_32.dll
0x00007fff0ebe0000 - 0x00007fff0ec0d000 	C:\Windows\SYSTEM32\WINMMBASE.dll
0x00007fff112c0000 - 0x00007fff1130a000 	C:\Windows\System32\cfgmgr32.dll
0x00007fff10f60000 - 0x00007fff10f71000 	C:\Windows\System32\kernel.appcore.dll
0x00007fff0ed70000 - 0x00007fff0ed7a000 	C:\Users\Linok\.jdks\openjdk-17\bin\jimage.dll
0x00007ffef6d60000 - 0x00007ffef6f4d000 	C:\Windows\SYSTEM32\DBGHELP.DLL
0x00007ffef8ee0000 - 0x00007ffef8f0a000 	C:\Windows\SYSTEM32\dbgcore.DLL
0x00007fff08c00000 - 0x00007fff08c0e000 	C:\Users\Linok\.jdks\openjdk-17\bin\instrument.dll
0x00007ffeed0b0000 - 0x00007ffeed0d5000 	C:\Users\Linok\.jdks\openjdk-17\bin\java.dll

dbghelp: loaded successfully - version: 4.0.5 - missing functions: none
symbol engine: initialized successfully - sym options: 0x614 - pdb path: .;C:\Users\Linok\.jdks\openjdk-17\bin;C:\Windows\SYSTEM32;C:\Windows\WinSxS\amd64_microsoft.windows.common-controls_6595b64144ccf1df_6.0.17763.2928_none_de6f2d70534d3d29;C:\Users\Linok\.jdks\openjdk-17\bin\server

VM Arguments:
jvm_args: -javaagent:C:\Program Files\JetBrains\IntelliJ IDEA 2021.2.3\lib\idea_rt.jar=12426:C:\Program Files\JetBrains\IntelliJ IDEA 2021.2.3\bin -Dfile.encoding=UTF-8 --module-path=C:\Users\Linok\Desktop\demo\target\classes;C:\Users\Linok\.m2\repository\org\openjfx\javafx-base\17.0.0.1\javafx-base-17.0.0.1-win.jar;C:\Users\Linok\.m2\repository\org\openjfx\javafx-fxml\17.0.0.1\javafx-fxml-17.0.0.1-win.jar;C:\Users\Linok\.m2\repository\com\dlsc\formsfx\formsfx-core\11.3.2\formsfx-core-11.3.2.jar;C:\Users\Linok\.m2\repository\org\openjfx\javafx-web\17.0.0.1\javafx-web-17.0.0.1-win.jar;C:\Users\Linok\.m2\repository\org\openjfx\javafx-controls\17.0.0.1\javafx-controls-17.0.0.1-win.jar;C:\Users\Linok\.m2\repository\eu\hansolo\tilesfx\11.48\tilesfx-11.48.jar;C:\Users\Linok\.m2\repository\org\openjfx\javafx-media\17.0.0.1\javafx-media-17.0.0.1-win.jar;C:\Users\Linok\.m2\repository\org\controlsfx\controlsfx\11.1.0\controlsfx-11.1.0.jar;C:\Users\Linok\.m2\repository\org\kordamp\ikonli\ikonli-javafx\12.2.0\ikonli-javafx-12.2.0.jar;C:\Users\Linok\.m2\repository\net\synedra\validatorfx\0.1.13\validatorfx-0.1.13.jar;C:\Users\Linok\.m2\repository\org\kordamp\ikonli\ikonli-core\12.2.0\ikonli-core-12.2.0.jar;C:\Users\Linok\.m2\repository\org\kordamp\bootstrapfx\bootstrapfx-core\0.4.0\bootstrapfx-core-0.4.0.jar;C:\Users\Linok\.m2\repository\org\openjfx\javafx-graphics\17.0.0.1\javafx-graphics-17.0.0.1-win.jar -Djdk.module.main=com.flinkou.demo 
java_command: com.flinkou.demo/com.flinkou.demo.network.server.StartServer
java_class_path (initial): C:\Users\Linok\.m2\repository\org\openjfx\javafx-controls\17.0.0.1\javafx-controls-17.0.0.1.jar;C:\Users\Linok\.m2\repository\org\openjfx\javafx-graphics\17.0.0.1\javafx-graphics-17.0.0.1.jar;C:\Users\Linok\.m2\repository\org\openjfx\javafx-base\17.0.0.1\javafx-base-17.0.0.1.jar;C:\Users\Linok\.m2\repository\org\openjfx\javafx-fxml\17.0.0.1\javafx-fxml-17.0.0.1.jar;C:\Users\Linok\.m2\repository\org\openjfx\javafx-web\17.0.0.1\javafx-web-17.0.0.1.jar;C:\Users\Linok\.m2\repository\org\openjfx\javafx-media\17.0.0.1\javafx-media-17.0.0.1.jar;C:\Users\Linok\.m2\repository\org\apache\derby\derby\10.3.2.1\derby-10.3.2.1.jar
Launcher Type: SUN_STANDARD

[Global flags]
     intx CICompilerCount                          = 4                                         {product} {ergonomic}
     uint ConcGCThreads                            = 2                                         {product} {ergonomic}
     uint G1ConcRefinementThreads                  = 8                                         {product} {ergonomic}
   size_t G1HeapRegionSize                         = 2097152                                   {product} {ergonomic}
    uintx GCDrainStackTargetSize                   = 64                                        {product} {ergonomic}
   size_t InitialHeapSize                          = 266338304                                 {product} {ergonomic}
   size_t MarkStackSize                            = 4194304                                   {product} {ergonomic}
   size_t MaxHeapSize                              = 4253024256                                {product} {ergonomic}
   size_t MinHeapDeltaBytes                        = 2097152                                   {product} {ergonomic}
   size_t MinHeapSize                              = 8388608                                   {product} {ergonomic}
    uintx NonNMethodCodeHeapSize                   = 5839372                                {pd product} {ergonomic}
    uintx NonProfiledCodeHeapSize                  = 122909434                              {pd product} {ergonomic}
    uintx ProfiledCodeHeapSize                     = 122909434                              {pd product} {ergonomic}
    uintx ReservedCodeCacheSize                    = 251658240                              {pd product} {ergonomic}
     bool SegmentedCodeCache                       = true                                      {product} {ergonomic}
   size_t SoftMaxHeapSize                          = 4253024256                             {manageable} {ergonomic}
     bool UseCompressedClassPointers               = true                           {product lp64_product} {ergonomic}
     bool UseCompressedOops                        = true                           {product lp64_product} {ergonomic}
     bool UseG1GC                                  = true                                      {product} {ergonomic}
     bool UseLargePagesIndividualAllocation        = false                                  {pd product} {ergonomic}

Logging:
Log output configuration:
 #0: stdout all=warning uptime,level,tags
 #1: stderr all=off uptime,level,tags

Environment Variables:
PATH=c:\gcc\bin;c:\gcc\libexec\gcc\x86_64-w64-mingw32\11.1.0;C:\Users\Linok\gcc\bin;C:\Users\Linok\gcc\libexec\gcc\x86_64-w64-mingw32\11.1.0;C:\Program Files\Common Files\Oracle\Java\javapath;C:\Python38\Scripts\;C:\Python38\;C:\Program Files (x86)\Common Files\Oracle\Java\javapath;C:\Windows\system32;C:\Windows;C:\Windows\System32\Wbem;C:\Windows\System32\WindowsPowerShell\v1.0\;C:\Windows\System32\OpenSSH\;C:\Program Files\Intel\WiFi\bin\;C:\Program Files\Common Files\Intel\WirelessCommon\;C:\Program Files\Microsoft SQL Server\130\Tools\Binn\;C:\Program Files\Microsoft SQL Server\Client SDK\ODBC\170\Tools\Binn\;C:\Program Files\Git\cmd;C:\ProgramData\chocolatey\bin;C:\Users\Linok\AppData\Roaming\nvm;C:\Program Files\nodejs;C:\Program Files\nodejs\;C:\Program Files\dotnet\;C:\Program Files\MATLAB\R2020b\bin;C:\Program Files\Docker\Docker\resources\bin;C:\ProgramData\DockerDesktop\version-bin;C:\Users\Linok\AppData\Local\Programs\Python\Python37-32\Scripts\;C:\Users\Linok\AppData\Local\Programs\Python\Python37-32\;C:\Users\Linok\AppData\Local\Microsoft\WindowsApps;C:\Program Files\Intel\WiFi\bin\;C:\Program Files\Common Files\Intel\WirelessCommon\;C:\Program Files\JetBrains\PyCharm Community Edition 2019.3\bin;;C:\Users\Linok\AppData\Roaming\nvm;C:\Program Files\nodejs;C:\Users\Linok\AppData\Roaming\npm;C:\Users\Linok\.dotnet\tools;C:\Program Files\JetBrains\WebStorm 2021.1.1\bin;;C:\Users\Linok\AppData\Local\Programs\Microsoft VS Code\bin;
USERNAME=Linok
OS=Windows_NT
PROCESSOR_IDENTIFIER=Intel64 Family 6 Model 142 Stepping 12, GenuineIntel



---------------  S Y S T E M  ---------------

OS:
 Windows 10 , 64 bit Build 17763 (10.0.17763.2928)
OS uptime: 10 days 6:42 hours

CPU: total 8 (initial active 8) (4 cores per cpu, 2 threads per core) family 6 model 142 stepping 12 microcode 0xde, cx8, cmov, fxsr, ht, mmx, 3dnowpref, sse, sse2, sse3, ssse3, sse4.1, sse4.2, popcnt, lzcnt, tsc, tscinvbit, avx, avx2, aes, erms, clmul, bmi1, bmi2, adx, fma, vzeroupper, clflush, clflushopt

Memory: 4k page, system-wide physical 16223M (6960M free)
TotalPageFile size 18271M (AvailPageFile size 156M)
current process WorkingSet (physical memory assigned to process): 10M, peak: 10M
current process commit charge ("private bytes"): 60M, peak: 314M

vm_info: OpenJDK 64-Bit Server VM (17+35-2724) for windows-amd64 JRE (17+35-2724), built on Aug  5 2021 23:26:02 by "mach5one" with MS VC++ 16.8 (VS2019)

END.
